{"4464f4fd0e4dba9dbd88caa42dc3cb29":{"statistic":{"failed":0,"broken":1,"skipped":0,"passed":0,"unknown":0,"total":1},"items":[{"uid":"2a38ed51cce1d48c","status":"broken","statusDetails":"selenium.common.exceptions.NoSuchElementException: Message: no such element: Unable to locate element: {\"method\":\"css selector\",\"selector\":\"[name=\"search\"]\"}\n  (Session info: chrome=137.0.7151.119); For documentation on this error, please visit: https://www.selenium.dev/documentation/webdriver/troubleshooting/errors#nosuchelementexception\nStacktrace:\n#0 0x5570c9af345a <unknown>\n#1 0x5570c9598760 <unknown>\n#2 0x5570c95ea127 <unknown>\n#3 0x5570c95ea321 <unknown>\n#4 0x5570c9638e94 <unknown>\n#5 0x5570c960fe7d <unknown>\n#6 0x5570c963630b <unknown>\n#7 0x5570c960fc23 <unknown>\n#8 0x5570c95dc4a5 <unknown>\n#9 0x5570c95dd111 <unknown>\n#10 0x5570c9ab7f1b <unknown>\n#11 0x5570c9abbe19 <unknown>\n#12 0x5570c9a9eac9 <unknown>\n#13 0x5570c9abc9c8 <unknown>\n#14 0x5570c9a8334f <unknown>\n#15 0x5570c9ae0a28 <unknown>\n#16 0x5570c9ae0c06 <unknown>\n#17 0x5570c9af2336 <unknown>\n#18 0x7f5e3629caa4 <unknown>\n#19 0x7f5e36329c3c <unknown>","time":{"start":1751961321122,"stop":1751961329587,"duration":8465}}]},"ce312f939aab2e83b743634a12148d24":{"statistic":{"failed":0,"broken":1,"skipped":0,"passed":0,"unknown":0,"total":1},"items":[{"uid":"3c2b2df34823bd2","status":"broken","statusDetails":"selenium.common.exceptions.NoSuchElementException: Message: no such element: Unable to locate element: {\"method\":\"xpath\",\"selector\":\"(//button[@type='button'])[3]\"}\n  (Session info: chrome=137.0.7151.119); For documentation on this error, please visit: https://www.selenium.dev/documentation/webdriver/troubleshooting/errors#nosuchelementexception\nStacktrace:\n#0 0x560d38db645a <unknown>\n#1 0x560d3885b760 <unknown>\n#2 0x560d388ad127 <unknown>\n#3 0x560d388ad321 <unknown>\n#4 0x560d388fbe94 <unknown>\n#5 0x560d388d2e7d <unknown>\n#6 0x560d388f930b <unknown>\n#7 0x560d388d2c23 <unknown>\n#8 0x560d3889f4a5 <unknown>\n#9 0x560d388a0111 <unknown>\n#10 0x560d38d7af1b <unknown>\n#11 0x560d38d7ee19 <unknown>\n#12 0x560d38d61ac9 <unknown>\n#13 0x560d38d7f9c8 <unknown>\n#14 0x560d38d4634f <unknown>\n#15 0x560d38da3a28 <unknown>\n#16 0x560d38da3c06 <unknown>\n#17 0x560d38db5336 <unknown>\n#18 0x7f954ee9caa4 <unknown>\n#19 0x7f954ef29c3c <unknown>","time":{"start":1751961330006,"stop":1751961338463,"duration":8457}}]},"d74aaa846744fc1c40f4a74cdff9d6bd":{"statistic":{"failed":1,"broken":0,"skipped":0,"passed":0,"unknown":0,"total":1},"items":[{"uid":"4d112615b93007ae","status":"failed","statusDetails":"AssertionError: assert 'patients' in 'https://denticloud.co/'\n +  where 'https://denticloud.co/' = <selenium.webdriver.chrome.webdriver.WebDriver (session=\"c56369c85b2532c47b189f1afa250db0\")>.current_url","time":{"start":1751961297428,"stop":1751961302215,"duration":4787}}]},"8d6ba18366817c90a50571ae541c7b7e":{"statistic":{"failed":1,"broken":0,"skipped":0,"passed":0,"unknown":0,"total":1},"items":[{"uid":"1e862cf80b0fcf1f","status":"failed","statusDetails":"AssertionError: ‚ùå Login functionality is not working.\nassert 'patients' in 'https://denticloud.co/'\n +  where 'https://denticloud.co/' = <selenium.webdriver.chrome.webdriver.WebDriver (session=\"b01fc25deaded652bcc3e2271bd59cc7\")>.current_url","time":{"start":1751961308421,"stop":1751961311856,"duration":3435}}]},"0984aaebfd25aa0ee1fb3aeb23081644":{"statistic":{"failed":1,"broken":0,"skipped":0,"passed":0,"unknown":0,"total":1},"items":[{"uid":"1a0951e04203d46f","status":"failed","statusDetails":"AssertionError: assert 'Login failed. Please check your credentials' in ''","time":{"start":1751961302647,"stop":1751961308026,"duration":5379}}]},"bfa951711193eb7853688f41422461d4":{"statistic":{"failed":0,"broken":1,"skipped":0,"passed":0,"unknown":0,"total":1},"items":[{"uid":"16fc67159e2f1e0b","status":"broken","statusDetails":"selenium.common.exceptions.NoSuchElementException: Message: no such element: Unable to locate element: {\"method\":\"css selector\",\"selector\":\"[name=\"search\"]\"}\n  (Session info: chrome=137.0.7151.119); For documentation on this error, please visit: https://www.selenium.dev/documentation/webdriver/troubleshooting/errors#nosuchelementexception\nStacktrace:\n#0 0x555c3f9f545a <unknown>\n#1 0x555c3f49a760 <unknown>\n#2 0x555c3f4ec127 <unknown>\n#3 0x555c3f4ec321 <unknown>\n#4 0x555c3f53ae94 <unknown>\n#5 0x555c3f511e7d <unknown>\n#6 0x555c3f53830b <unknown>\n#7 0x555c3f511c23 <unknown>\n#8 0x555c3f4de4a5 <unknown>\n#9 0x555c3f4df111 <unknown>\n#10 0x555c3f9b9f1b <unknown>\n#11 0x555c3f9bde19 <unknown>\n#12 0x555c3f9a0ac9 <unknown>\n#13 0x555c3f9be9c8 <unknown>\n#14 0x555c3f98534f <unknown>\n#15 0x555c3f9e2a28 <unknown>\n#16 0x555c3f9e2c06 <unknown>\n#17 0x555c3f9f4336 <unknown>\n#18 0x7f0ba069caa4 <unknown>\n#19 0x7f0ba0729c3c <unknown>","time":{"start":1751961312251,"stop":1751961320708,"duration":8457}}]}}